[WARNING] Disabling enhanced local repository: using legacy is strongly discouraged to ensure build reproducibility.
[INFO] Scanning for projects...
[INFO] 
[INFO] Using the builder org.apache.maven.lifecycle.internal.builder.singlethreaded.SingleThreadedBuilder with a thread count of 1
[INFO]                                                                         
[INFO] ------------------------------------------------------------------------
[INFO] Building IMPORTASSO integrationFichierCsv-0.1.0 (0.1,Job Designs) 0.1.0
[INFO] ------------------------------------------------------------------------
[WARNING] The POM for log4j:log4j:jar:1.2.17 is missing, no dependency information available
[INFO] 
[INFO] --- maven-resources-plugin:3.0.2:resources (default-resources) @ integrationFichierCsv ---
[WARNING] Using platform encoding (UTF-8 actually) to copy filtered resources, i.e. build is platform dependent!
[INFO] Copying 1 resource
[INFO] 
[INFO] --- maven-compiler-plugin:3.6.1:compile (default-compile) @ integrationFichierCsv ---
[INFO] Not compiling main sources
[INFO] 
[INFO] --- maven-resources-plugin:3.0.2:testResources (default-testResources) @ integrationFichierCsv ---
[INFO] Not copying test resources
[INFO] 
[INFO] --- maven-compiler-plugin:3.6.1:testCompile (default-testCompile) @ integrationFichierCsv ---
[INFO] Not compiling test sources
[INFO] 
[INFO] --- maven-surefire-plugin:2.20:test (default-test) @ integrationFichierCsv ---
[INFO] Tests are skipped.
[INFO] 
[INFO] --- maven-jar-plugin:3.0.2:jar (default-jar) @ integrationFichierCsv ---
[INFO] Building jar: C:\Users\duclo\Desktop\TOS_DI-20181026_1147-V7.1.1\TOS_DI-20181026_1147-V7.1.1\workspace\IMPORTASSO\poms\jobs\process\integrationfichiercsv_0.1\target\integrationfichiercsv_0_1.jar
[INFO] 
[INFO] --- maven-assembly-plugin:3.0.0:single (default) @ integrationFichierCsv ---
[INFO] Reading assembly descriptor: C:\Users\duclo\Desktop\TOS_DI-20181026_1147-V7.1.1\TOS_DI-20181026_1147-V7.1.1\workspace\IMPORTASSO\poms\jobs\process\integrationfichiercsv_0.1/src/main/assemblies/assembly.xml
[WARNING] Missing POM for log4j:log4j:jar:1.2.17
[INFO] Building zip: C:\Users\duclo\Desktop\TOS_DI-20181026_1147-V7.1.1\TOS_DI-20181026_1147-V7.1.1\workspace\IMPORTASSO\poms\jobs\process\integrationfichiercsv_0.1\target\integrationfichiercsv_0_1.zip
[INFO] ------------------------------------------------------------------------
[INFO] BUILD SUCCESS
[INFO] ------------------------------------------------------------------------
[INFO] Total time: 4.320 s
[INFO] Finished at: 2020-05-10T13:13:19+01:00
[INFO] Final Memory: 11M/309M
[INFO] ------------------------------------------------------------------------
